New log file opened at Wed Jan 11 18:24:10 CET 2017 by 6224@Nina-PC
Taking next connection to: 55327
New client attempting to connect on port: 55328-55327
  Address = /172.20.139.70:55327
This client on port 55328 has uuid 523f0ffe-376e-4151-9236-ff72925b4a03 configName activator humanReadableName Activator protocolVersion 3 featureTags Vector()
Connected Clients: activator-523f0ffe-376e-4151-9236-ff72925b4a03
Taking next connection to: 55327
New client attempting to connect on port: 55333-55327
  Address = /172.20.139.70:55327
Handshake exception on socket: 55333
sbt.impl.ipc.HandshakeException: Unable to perform handshake
	at sbt.impl.ipc.Peer.handshake(IPC.scala:46)
	at sbt.impl.ipc.MultiClientServer.<init>(IPC.scala:150)
	at sbt.server.SbtServerSocketHandler$$anon$1.run(SbtServerSocketHandler.scala:43)
Caused by: java.net.SocketException: Software caused connection abort: recv failed
	at java.net.SocketInputStream.socketRead0(Native Method)
	at java.net.SocketInputStream.read(Unknown Source)
	at java.net.SocketInputStream.read(Unknown Source)
	at java.io.BufferedInputStream.fill(Unknown Source)
	at java.io.BufferedInputStream.read(Unknown Source)
	at java.io.DataInputStream.readInt(Unknown Source)
	at sbt.impl.ipc.Peer.receive(IPC.scala:95)
	at sbt.impl.ipc.Peer.handshake(IPC.scala:49)
	... 2 more
Taking next connection to: 55327
New client attempting to connect on port: 55334-55327
  Address = /172.20.139.70:55327
This client on port 55334 has uuid 2391ec63-e262-4edf-b32b-d4fdaa86dc40 configName play-fork-run humanReadableName Play Fork Run protocolVersion 1 featureTags Vector()
Connected Clients: activator-523f0ffe-376e-4151-9236-ff72925b4a03, play-fork-run-2391ec63-e262-4edf-b32b-d4fdaa86dc40
Taking next connection to: 55327
Checking to see if clients are empty...
We have 1 non-daemon clients, continuing serving connections.
Taking next connection to: 55327
New client attempting to connect on port: 55374-55327
  Address = /172.20.139.70:55327
Handshake exception on socket: 55374
sbt.impl.ipc.HandshakeException: Unable to perform handshake
	at sbt.impl.ipc.Peer.handshake(IPC.scala:46)
	at sbt.impl.ipc.MultiClientServer.<init>(IPC.scala:150)
	at sbt.server.SbtServerSocketHandler$$anon$1.run(SbtServerSocketHandler.scala:43)
Caused by: java.net.SocketException: Software caused connection abort: recv failed
	at java.net.SocketInputStream.socketRead0(Native Method)
	at java.net.SocketInputStream.read(Unknown Source)
	at java.net.SocketInputStream.read(Unknown Source)
	at java.io.BufferedInputStream.fill(Unknown Source)
	at java.io.BufferedInputStream.read(Unknown Source)
	at java.io.DataInputStream.readInt(Unknown Source)
	at sbt.impl.ipc.Peer.receive(IPC.scala:95)
	at sbt.impl.ipc.Peer.handshake(IPC.scala:49)
	... 2 more
Taking next connection to: 55327
New client attempting to connect on port: 55375-55327
  Address = /172.20.139.70:55327
This client on port 55375 has uuid 6904da23-bb42-4512-9dee-0d96a563bac2 configName play-fork-run humanReadableName Play Fork Run protocolVersion 1 featureTags Vector()
Connected Clients: activator-523f0ffe-376e-4151-9236-ff72925b4a03, play-fork-run-6904da23-bb42-4512-9dee-0d96a563bac2
Taking next connection to: 55327
New client attempting to connect on port: 55423-55327
  Address = /172.20.139.70:55327
Handshake exception on socket: 55423
sbt.impl.ipc.HandshakeException: Unable to perform handshake
	at sbt.impl.ipc.Peer.handshake(IPC.scala:46)
	at sbt.impl.ipc.MultiClientServer.<init>(IPC.scala:150)
	at sbt.server.SbtServerSocketHandler$$anon$1.run(SbtServerSocketHandler.scala:43)
Caused by: java.io.EOFException
	at java.io.DataInputStream.readInt(Unknown Source)
	at sbt.impl.ipc.Peer.receive(IPC.scala:95)
	at sbt.impl.ipc.Peer.handshake(IPC.scala:49)
	... 2 more
Taking next connection to: 55327
New client attempting to connect on port: 55424-55327
  Address = /172.20.139.70:55327
This client on port 55424 has uuid 8fcd2a68-db9e-40bb-9e51-926194413e41 configName play-fork-run humanReadableName Play Fork Run protocolVersion 1 featureTags Vector()
Connected Clients: activator-523f0ffe-376e-4151-9236-ff72925b4a03, play-fork-run-8fcd2a68-db9e-40bb-9e51-926194413e41
Taking next connection to: 55327
Checking to see if clients are empty...
We have 1 non-daemon clients, continuing serving connections.
Taking next connection to: 55327
New client attempting to connect on port: 55466-55327
  Address = /172.20.139.70:55327
Handshake exception on socket: 55466
sbt.impl.ipc.HandshakeException: Unable to perform handshake
	at sbt.impl.ipc.Peer.handshake(IPC.scala:46)
	at sbt.impl.ipc.MultiClientServer.<init>(IPC.scala:150)
	at sbt.server.SbtServerSocketHandler$$anon$1.run(SbtServerSocketHandler.scala:43)
Caused by: java.net.SocketException: Software caused connection abort: recv failed
	at java.net.SocketInputStream.socketRead0(Native Method)
	at java.net.SocketInputStream.read(Unknown Source)
	at java.net.SocketInputStream.read(Unknown Source)
	at java.io.BufferedInputStream.fill(Unknown Source)
	at java.io.BufferedInputStream.read(Unknown Source)
	at java.io.DataInputStream.readInt(Unknown Source)
	at sbt.impl.ipc.Peer.receive(IPC.scala:95)
	at sbt.impl.ipc.Peer.handshake(IPC.scala:49)
	... 2 more
Taking next connection to: 55327
New client attempting to connect on port: 55467-55327
  Address = /172.20.139.70:55327
This client on port 55467 has uuid b36330c5-3900-4bcc-b28f-b3568330b9bd configName play-fork-run humanReadableName Play Fork Run protocolVersion 1 featureTags Vector()
Connected Clients: activator-523f0ffe-376e-4151-9236-ff72925b4a03, play-fork-run-b36330c5-3900-4bcc-b28f-b3568330b9bd
Taking next connection to: 55327
New client attempting to connect on port: 55531-55327
  Address = /172.20.139.70:55327
Handshake exception on socket: 55531
sbt.impl.ipc.HandshakeException: Unable to perform handshake
	at sbt.impl.ipc.Peer.handshake(IPC.scala:46)
	at sbt.impl.ipc.MultiClientServer.<init>(IPC.scala:150)
	at sbt.server.SbtServerSocketHandler$$anon$1.run(SbtServerSocketHandler.scala:43)
Caused by: java.net.SocketException: Software caused connection abort: recv failed
	at java.net.SocketInputStream.socketRead0(Native Method)
	at java.net.SocketInputStream.read(Unknown Source)
	at java.net.SocketInputStream.read(Unknown Source)
	at java.io.BufferedInputStream.fill(Unknown Source)
	at java.io.BufferedInputStream.read(Unknown Source)
	at java.io.DataInputStream.readInt(Unknown Source)
	at sbt.impl.ipc.Peer.receive(IPC.scala:95)
	at sbt.impl.ipc.Peer.handshake(IPC.scala:49)
	... 2 more
Taking next connection to: 55327
New client attempting to connect on port: 55532-55327
  Address = /172.20.139.70:55327
This client on port 55532 has uuid 7499d881-952d-4c35-a1d3-f7f20e06e9f3 configName play-fork-run humanReadableName Play Fork Run protocolVersion 1 featureTags Vector()
Connected Clients: activator-523f0ffe-376e-4151-9236-ff72925b4a03, play-fork-run-7499d881-952d-4c35-a1d3-f7f20e06e9f3
Taking next connection to: 55327
New client attempting to connect on port: 55559-55327
  Address = /172.20.139.70:55327
Handshake exception on socket: 55559
sbt.impl.ipc.HandshakeException: Unable to perform handshake
	at sbt.impl.ipc.Peer.handshake(IPC.scala:46)
	at sbt.impl.ipc.MultiClientServer.<init>(IPC.scala:150)
	at sbt.server.SbtServerSocketHandler$$anon$1.run(SbtServerSocketHandler.scala:43)
Caused by: java.io.EOFException
	at java.io.DataInputStream.readInt(Unknown Source)
	at sbt.impl.ipc.Peer.receive(IPC.scala:95)
	at sbt.impl.ipc.Peer.handshake(IPC.scala:49)
	... 2 more
Taking next connection to: 55327
New client attempting to connect on port: 55560-55327
  Address = /172.20.139.70:55327
This client on port 55560 has uuid 90878e8d-c270-4422-ba45-3110fb34b0f4 configName play-fork-run humanReadableName Play Fork Run protocolVersion 1 featureTags Vector()
Connected Clients: activator-523f0ffe-376e-4151-9236-ff72925b4a03, play-fork-run-90878e8d-c270-4422-ba45-3110fb34b0f4
Taking next connection to: 55327
New client attempting to connect on port: 55596-55327
  Address = /172.20.139.70:55327
Handshake exception on socket: 55596
sbt.impl.ipc.HandshakeException: Unable to perform handshake
	at sbt.impl.ipc.Peer.handshake(IPC.scala:46)
	at sbt.impl.ipc.MultiClientServer.<init>(IPC.scala:150)
	at sbt.server.SbtServerSocketHandler$$anon$1.run(SbtServerSocketHandler.scala:43)
Caused by: java.net.SocketException: Software caused connection abort: recv failed
	at java.net.SocketInputStream.socketRead0(Native Method)
	at java.net.SocketInputStream.read(Unknown Source)
	at java.net.SocketInputStream.read(Unknown Source)
	at java.io.BufferedInputStream.fill(Unknown Source)
	at java.io.BufferedInputStream.read(Unknown Source)
	at java.io.DataInputStream.readInt(Unknown Source)
	at sbt.impl.ipc.Peer.receive(IPC.scala:95)
	at sbt.impl.ipc.Peer.handshake(IPC.scala:49)
	... 2 more
Taking next connection to: 55327
New client attempting to connect on port: 55597-55327
  Address = /172.20.139.70:55327
This client on port 55597 has uuid 655031de-07f0-430f-972e-d666d3d90a45 configName play-fork-run humanReadableName Play Fork Run protocolVersion 1 featureTags Vector()
Connected Clients: activator-523f0ffe-376e-4151-9236-ff72925b4a03, play-fork-run-655031de-07f0-430f-972e-d666d3d90a45
Taking next connection to: 55327
Checking to see if clients are empty...
We have 1 non-daemon clients, continuing serving connections.
Taking next connection to: 55327
